20160422 134034.218 INFO             PET0 Running with ESMF Version 6.3.0rp1
20160422 134044.661 INFO             PET0 Running with ESMF Version 6.3.0rp1
20160422 134242.351 INFO             PET0 Running with ESMF Version 6.3.0rp1
20160422 134628.929 INFO             PET0 Running with ESMF Version 6.3.0rp1
20160422 134803.255 INFO             PET0 Running with ESMF Version 6.3.0rp1
20160422 134832.823 INFO             PET0 Running with ESMF Version 6.3.0rp1
20160422 134947.892 INFO             PET0 Running with ESMF Version 6.3.0rp1
20160422 135000.177 INFO             PET0 Running with ESMF Version 6.3.0rp1
20160422 135012.373 INFO             PET0 Running with ESMF Version 6.3.0rp1
20160422 135024.640 INFO             PET0 Running with ESMF Version 6.3.0rp1
20160422 135036.727 INFO             PET0 Running with ESMF Version 6.3.0rp1
20160422 135048.559 INFO             PET0 Running with ESMF Version 6.3.0rp1
20160422 135100.507 INFO             PET0 Running with ESMF Version 6.3.0rp1
20160422 135112.577 INFO             PET0 Running with ESMF Version 6.3.0rp1
20160422 135124.144 INFO             PET0 Running with ESMF Version 6.3.0rp1
20160422 135136.071 INFO             PET0 Running with ESMF Version 6.3.0rp1
20160422 135148.159 INFO             PET0 Running with ESMF Version 6.3.0rp1
20160422 135159.840 INFO             PET0 Running with ESMF Version 6.3.0rp1
20160422 135211.521 INFO             PET0 Running with ESMF Version 6.3.0rp1
20160422 135223.303 INFO             PET0 Running with ESMF Version 6.3.0rp1
20160422 135235.322 INFO             PET0 Running with ESMF Version 6.3.0rp1
20160422 135247.305 INFO             PET0 Running with ESMF Version 6.3.0rp1
20160422 135259.546 INFO             PET0 Running with ESMF Version 6.3.0rp1
20160422 135311.368 INFO             PET0 Running with ESMF Version 6.3.0rp1
20160422 135323.120 INFO             PET0 Running with ESMF Version 6.3.0rp1
20160422 135335.382 INFO             PET0 Running with ESMF Version 6.3.0rp1
20160422 135347.164 INFO             PET0 Running with ESMF Version 6.3.0rp1
20160422 135359.234 INFO             PET0 Running with ESMF Version 6.3.0rp1
20160422 135411.471 INFO             PET0 Running with ESMF Version 6.3.0rp1
20160422 135423.638 INFO             PET0 Running with ESMF Version 6.3.0rp1
20160422 135435.536 INFO             PET0 Running with ESMF Version 6.3.0rp1
20160422 135447.423 INFO             PET0 Running with ESMF Version 6.3.0rp1
20160422 135459.261 INFO             PET0 Running with ESMF Version 6.3.0rp1
20160422 135511.714 INFO             PET0 Running with ESMF Version 6.3.0rp1
20160422 135523.772 INFO             PET0 Running with ESMF Version 6.3.0rp1
20160422 135536.268 INFO             PET0 Running with ESMF Version 6.3.0rp1
20160422 135548.283 INFO             PET0 Running with ESMF Version 6.3.0rp1
20160422 135600.308 INFO             PET0 Running with ESMF Version 6.3.0rp1
20160422 135612.318 INFO             PET0 Running with ESMF Version 6.3.0rp1
20160422 135624.671 INFO             PET0 Running with ESMF Version 6.3.0rp1
20160422 135637.372 INFO             PET0 Running with ESMF Version 6.3.0rp1
20160422 135649.757 INFO             PET0 Running with ESMF Version 6.3.0rp1
20160422 135701.994 INFO             PET0 Running with ESMF Version 6.3.0rp1
20160422 135714.564 INFO             PET0 Running with ESMF Version 6.3.0rp1
20160422 135727.145 INFO             PET0 Running with ESMF Version 6.3.0rp1
20160422 135739.512 INFO             PET0 Running with ESMF Version 6.3.0rp1
20160422 135751.820 INFO             PET0 Running with ESMF Version 6.3.0rp1
20160422 135804.290 INFO             PET0 Running with ESMF Version 6.3.0rp1
20160422 135816.934 INFO             PET0 Running with ESMF Version 6.3.0rp1
20160422 135829.558 INFO             PET0 Running with ESMF Version 6.3.0rp1
20160422 135842.394 INFO             PET0 Running with ESMF Version 6.3.0rp1
20160422 135854.879 INFO             PET0 Running with ESMF Version 6.3.0rp1
20160422 135907.581 INFO             PET0 Running with ESMF Version 6.3.0rp1
20160422 135920.276 INFO             PET0 Running with ESMF Version 6.3.0rp1
20160422 135932.740 INFO             PET0 Running with ESMF Version 6.3.0rp1
20160422 135945.281 INFO             PET0 Running with ESMF Version 6.3.0rp1
20160422 135957.687 INFO             PET0 Running with ESMF Version 6.3.0rp1
20160422 140010.151 INFO             PET0 Running with ESMF Version 6.3.0rp1
20160422 140022.641 INFO             PET0 Running with ESMF Version 6.3.0rp1
20160422 140035.328 INFO             PET0 Running with ESMF Version 6.3.0rp1
20160422 140047.803 INFO             PET0 Running with ESMF Version 6.3.0rp1
20160422 140100.105 INFO             PET0 Running with ESMF Version 6.3.0rp1
20160422 140112.781 INFO             PET0 Running with ESMF Version 6.3.0rp1
20160422 140125.437 INFO             PET0 Running with ESMF Version 6.3.0rp1
20160422 140138.197 INFO             PET0 Running with ESMF Version 6.3.0rp1
20160422 140151.124 INFO             PET0 Running with ESMF Version 6.3.0rp1
20160422 140203.758 INFO             PET0 Running with ESMF Version 6.3.0rp1
20160422 140216.554 INFO             PET0 Running with ESMF Version 6.3.0rp1
20160422 140229.066 INFO             PET0 Running with ESMF Version 6.3.0rp1
20160422 140242.067 INFO             PET0 Running with ESMF Version 6.3.0rp1
20160422 140254.650 INFO             PET0 Running with ESMF Version 6.3.0rp1
20160422 140309.509 INFO             PET0 Running with ESMF Version 6.3.0rp1
20160422 140330.711 INFO             PET0 Running with ESMF Version 6.3.0rp1
20160422 140346.014 INFO             PET0 Running with ESMF Version 6.3.0rp1
20160422 140401.055 INFO             PET0 Running with ESMF Version 6.3.0rp1
20160422 140415.979 INFO             PET0 Running with ESMF Version 6.3.0rp1
20160422 140431.017 INFO             PET0 Running with ESMF Version 6.3.0rp1
20160422 140446.123 INFO             PET0 Running with ESMF Version 6.3.0rp1
20160422 140501.176 INFO             PET0 Running with ESMF Version 6.3.0rp1
20160422 140516.337 INFO             PET0 Running with ESMF Version 6.3.0rp1
20160422 140531.625 INFO             PET0 Running with ESMF Version 6.3.0rp1
20160422 140546.421 INFO             PET0 Running with ESMF Version 6.3.0rp1
20160422 140601.648 INFO             PET0 Running with ESMF Version 6.3.0rp1
20160422 140616.691 INFO             PET0 Running with ESMF Version 6.3.0rp1
20160422 140631.973 INFO             PET0 Running with ESMF Version 6.3.0rp1
20160422 140647.395 INFO             PET0 Running with ESMF Version 6.3.0rp1
20160422 140702.727 INFO             PET0 Running with ESMF Version 6.3.0rp1
20160422 140717.486 INFO             PET0 Running with ESMF Version 6.3.0rp1
20160422 140732.381 INFO             PET0 Running with ESMF Version 6.3.0rp1
20160422 140747.375 INFO             PET0 Running with ESMF Version 6.3.0rp1
20160422 140802.591 INFO             PET0 Running with ESMF Version 6.3.0rp1
20160422 140817.886 INFO             PET0 Running with ESMF Version 6.3.0rp1
20160422 140832.662 INFO             PET0 Running with ESMF Version 6.3.0rp1
20160422 140847.984 INFO             PET0 Running with ESMF Version 6.3.0rp1
20160422 140903.014 INFO             PET0 Running with ESMF Version 6.3.0rp1
20160422 140918.848 INFO             PET0 Running with ESMF Version 6.3.0rp1
20160422 140934.474 INFO             PET0 Running with ESMF Version 6.3.0rp1
20160422 140949.311 INFO             PET0 Running with ESMF Version 6.3.0rp1
20160422 141004.102 INFO             PET0 Running with ESMF Version 6.3.0rp1
20160422 141019.810 INFO             PET0 Running with ESMF Version 6.3.0rp1
20160422 141035.552 INFO             PET0 Running with ESMF Version 6.3.0rp1
20160422 141050.928 INFO             PET0 Running with ESMF Version 6.3.0rp1
20160518 122338.307 INFO             PET0 Running with ESMF Version 6.3.0rp1
20160518 122350.461 INFO             PET0 Running with ESMF Version 6.3.0rp1
20160518 122402.988 INFO             PET0 Running with ESMF Version 6.3.0rp1
20160518 122415.102 INFO             PET0 Running with ESMF Version 6.3.0rp1
20160518 122427.072 INFO             PET0 Running with ESMF Version 6.3.0rp1
20160518 122439.373 INFO             PET0 Running with ESMF Version 6.3.0rp1
20160518 122451.867 INFO             PET0 Running with ESMF Version 6.3.0rp1
20160518 122521.596 INFO             PET0 Running with ESMF Version 6.3.0rp1
20160518 122533.697 INFO             PET0 Running with ESMF Version 6.3.0rp1
20160518 122549.615 INFO             PET0 Running with ESMF Version 6.3.0rp1
20160518 122601.092 INFO             PET0 Running with ESMF Version 6.3.0rp1
20160518 122613.375 INFO             PET0 Running with ESMF Version 6.3.0rp1
20160518 122625.446 INFO             PET0 Running with ESMF Version 6.3.0rp1
20160518 122637.273 INFO             PET0 Running with ESMF Version 6.3.0rp1
20160518 122648.627 INFO             PET0 Running with ESMF Version 6.3.0rp1
20160518 122659.968 INFO             PET0 Running with ESMF Version 6.3.0rp1
20160518 122711.974 INFO             PET0 Running with ESMF Version 6.3.0rp1
20160518 122724.617 INFO             PET0 Running with ESMF Version 6.3.0rp1
20160518 122737.210 INFO             PET0 Running with ESMF Version 6.3.0rp1
20160518 122749.512 INFO             PET0 Running with ESMF Version 6.3.0rp1
20160518 122801.340 INFO             PET0 Running with ESMF Version 6.3.0rp1
20160518 122840.686 INFO             PET0 Running with ESMF Version 6.3.0rp1
20160518 122851.945 INFO             PET0 Running with ESMF Version 6.3.0rp1
20160518 122902.994 INFO             PET0 Running with ESMF Version 6.3.0rp1
20160518 122914.082 INFO             PET0 Running with ESMF Version 6.3.0rp1
20160518 122925.368 INFO             PET0 Running with ESMF Version 6.3.0rp1
20160518 122937.505 INFO             PET0 Running with ESMF Version 6.3.0rp1
20160518 122939.792 INFO             PET0 Running with ESMF Version 6.3.0rp1
20160518 122949.463 INFO             PET0 Running with ESMF Version 6.3.0rp1
20160518 122951.446 INFO             PET0 Running with ESMF Version 6.3.0rp1
20160518 123000.920 INFO             PET0 Running with ESMF Version 6.3.0rp1
20160518 123005.481 INFO             PET0 Running with ESMF Version 6.3.0rp1
20160518 123012.396 INFO             PET0 Running with ESMF Version 6.3.0rp1
20160518 123024.413 INFO             PET0 Running with ESMF Version 6.3.0rp1
20160518 123036.518 INFO             PET0 Running with ESMF Version 6.3.0rp1
20160518 123047.582 INFO             PET0 Running with ESMF Version 6.3.0rp1
20160518 123059.458 INFO             PET0 Running with ESMF Version 6.3.0rp1
20160518 123106.262 INFO             PET0 Running with ESMF Version 6.3.0rp1
20160518 123111.254 INFO             PET0 Running with ESMF Version 6.3.0rp1
20160518 123120.087 INFO             PET0 Running with ESMF Version 6.3.0rp1
20160518 123123.502 INFO             PET0 Running with ESMF Version 6.3.0rp1
20160518 123132.485 ERROR            PET0 ESMF_IOScrip.F90:99 ESMF_ScripInq netCDF Status Return Error
20160518 123132.485 ERROR            PET0 ESMF_IOScrip.F90:236 ESMF_ScripInqUnits netCDF Status Return Error
20160518 123132.485 ERROR            PET0 ESMF_IOScrip.F90:99 ESMF_ScripInq netCDF Status Return Error
20160518 123132.485 ERROR            PET0 ESMF_IOScrip.F90:236 ESMF_ScripInqUnits netCDF Status Return Error
20160518 123132.485 ERROR            PET0 ESMF_IOScrip.F90:1051 ESMF_OutputScripWeightFile netCDF Status Return Error
20160518 123132.485 ERROR            PET0 ESMF_RegridWeightGen.F90:1395 ESMF_RegridWeightGenFile Failure - Internal subroutine call returned Error
20160518 123134.107 INFO             PET0 Running with ESMF Version 6.3.0rp1
20160518 123134.404 INFO             PET0 Running with ESMF Version 6.3.0rp1
20160518 123150.094 INFO             PET0 Running with ESMF Version 6.3.0rp1
20160518 123150.919 INFO             PET0 Running with ESMF Version 6.3.0rp1
20160518 123201.283 INFO             PET0 Running with ESMF Version 6.3.0rp1
20160518 123205.653 INFO             PET0 Running with ESMF Version 6.3.0rp1
20160518 123212.732 INFO             PET0 Running with ESMF Version 6.3.0rp1
20160518 123220.139 INFO             PET0 Running with ESMF Version 6.3.0rp1
20160518 123224.548 INFO             PET0 Running with ESMF Version 6.3.0rp1
20160518 123233.952 ERROR            PET0 ESMF_IOScrip.F90:99 ESMF_ScripInq netCDF Status Return Error
20160518 123233.952 ERROR            PET0 ESMF_IOScrip.F90:236 ESMF_ScripInqUnits netCDF Status Return Error
20160518 123233.952 ERROR            PET0 ESMF_IOScrip.F90:99 ESMF_ScripInq netCDF Status Return Error
20160518 123233.952 ERROR            PET0 ESMF_IOScrip.F90:236 ESMF_ScripInqUnits netCDF Status Return Error
20160518 123233.952 ERROR            PET0 ESMF_IOScrip.F90:1008 ESMF_OutputScripWeightFile netCDF Status Return Error
20160518 123233.952 ERROR            PET0 ESMF_RegridWeightGen.F90:1395 ESMF_RegridWeightGenFile Failure - Internal subroutine call returned Error
20160518 123234.882 INFO             PET0 Running with ESMF Version 6.3.0rp1
20160518 123234.899 INFO             PET0 Running with ESMF Version 6.3.0rp1
20160518 123245.509 INFO             PET0 Running with ESMF Version 6.3.0rp1
20160518 123245.842 INFO             PET0 Running with ESMF Version 6.3.0rp1
20160518 123330.135 INFO             PET0 Running with ESMF Version 6.3.0rp1
20160518 123407.538 INFO             PET0 Running with ESMF Version 6.3.0rp1
20160518 123426.754 INFO             PET0 Running with ESMF Version 6.3.0rp1
20160518 123438.574 INFO             PET0 Running with ESMF Version 6.3.0rp1
20160518 123450.003 INFO             PET0 Running with ESMF Version 6.3.0rp1
20160518 123501.376 INFO             PET0 Running with ESMF Version 6.3.0rp1
20160518 123512.862 INFO             PET0 Running with ESMF Version 6.3.0rp1
20160518 123524.560 INFO             PET0 Running with ESMF Version 6.3.0rp1
20160518 123535.571 INFO             PET0 Running with ESMF Version 6.3.0rp1
20160518 123546.742 INFO             PET0 Running with ESMF Version 6.3.0rp1
20160518 123558.193 INFO             PET0 Running with ESMF Version 6.3.0rp1
20160518 123609.767 INFO             PET0 Running with ESMF Version 6.3.0rp1
20160518 123621.244 INFO             PET0 Running with ESMF Version 6.3.0rp1
20160518 123632.759 INFO             PET0 Running with ESMF Version 6.3.0rp1
20160518 123644.962 INFO             PET0 Running with ESMF Version 6.3.0rp1
20160518 123657.286 INFO             PET0 Running with ESMF Version 6.3.0rp1
20160518 123710.348 INFO             PET0 Running with ESMF Version 6.3.0rp1
20160518 123722.834 INFO             PET0 Running with ESMF Version 6.3.0rp1
20160518 123733.790 INFO             PET0 Running with ESMF Version 6.3.0rp1
20160518 123745.041 INFO             PET0 Running with ESMF Version 6.3.0rp1
20160518 123757.774 INFO             PET0 Running with ESMF Version 6.3.0rp1
20160518 123810.399 INFO             PET0 Running with ESMF Version 6.3.0rp1
20160518 123823.679 INFO             PET0 Running with ESMF Version 6.3.0rp1
20160518 123834.930 INFO             PET0 Running with ESMF Version 6.3.0rp1
20160518 123846.374 INFO             PET0 Running with ESMF Version 6.3.0rp1
20160518 123858.763 INFO             PET0 Running with ESMF Version 6.3.0rp1
20160518 123910.202 INFO             PET0 Running with ESMF Version 6.3.0rp1
20160518 123922.068 INFO             PET0 Running with ESMF Version 6.3.0rp1
20160518 123933.596 INFO             PET0 Running with ESMF Version 6.3.0rp1
20160518 123944.788 INFO             PET0 Running with ESMF Version 6.3.0rp1
20160518 123956.030 INFO             PET0 Running with ESMF Version 6.3.0rp1
20160518 124007.586 INFO             PET0 Running with ESMF Version 6.3.0rp1
20160518 124020.356 INFO             PET0 Running with ESMF Version 6.3.0rp1
20160518 124031.709 INFO             PET0 Running with ESMF Version 6.3.0rp1
20160518 124043.006 INFO             PET0 Running with ESMF Version 6.3.0rp1
20160518 124054.915 INFO             PET0 Running with ESMF Version 6.3.0rp1
20160518 124106.890 INFO             PET0 Running with ESMF Version 6.3.0rp1
20160518 124119.181 INFO             PET0 Running with ESMF Version 6.3.0rp1
20160518 124131.780 INFO             PET0 Running with ESMF Version 6.3.0rp1
20160518 124143.772 INFO             PET0 Running with ESMF Version 6.3.0rp1
20160518 124156.212 INFO             PET0 Running with ESMF Version 6.3.0rp1
20160518 124208.071 INFO             PET0 Running with ESMF Version 6.3.0rp1
20160518 124220.874 INFO             PET0 Running with ESMF Version 6.3.0rp1
20160518 124234.102 INFO             PET0 Running with ESMF Version 6.3.0rp1
20160518 124246.970 INFO             PET0 Running with ESMF Version 6.3.0rp1
20160518 124259.071 INFO             PET0 Running with ESMF Version 6.3.0rp1
20160518 124311.178 INFO             PET0 Running with ESMF Version 6.3.0rp1
20160518 124324.082 INFO             PET0 Running with ESMF Version 6.3.0rp1
20160518 124337.303 INFO             PET0 Running with ESMF Version 6.3.0rp1
20160518 124351.085 INFO             PET0 Running with ESMF Version 6.3.0rp1
20160518 124404.675 INFO             PET0 Running with ESMF Version 6.3.0rp1
20160518 124418.553 INFO             PET0 Running with ESMF Version 6.3.0rp1
20160518 124431.782 INFO             PET0 Running with ESMF Version 6.3.0rp1
20160518 124444.999 INFO             PET0 Running with ESMF Version 6.3.0rp1
20160518 124457.545 INFO             PET0 Running with ESMF Version 6.3.0rp1
20160518 124510.126 INFO             PET0 Running with ESMF Version 6.3.0rp1
20160518 124522.920 INFO             PET0 Running with ESMF Version 6.3.0rp1
20160518 124536.331 INFO             PET0 Running with ESMF Version 6.3.0rp1
20160518 124550.494 INFO             PET0 Running with ESMF Version 6.3.0rp1
20160518 124603.922 INFO             PET0 Running with ESMF Version 6.3.0rp1
20160518 124617.105 INFO             PET0 Running with ESMF Version 6.3.0rp1
20160518 124629.682 INFO             PET0 Running with ESMF Version 6.3.0rp1
20160518 124643.247 INFO             PET0 Running with ESMF Version 6.3.0rp1
20160518 124656.878 INFO             PET0 Running with ESMF Version 6.3.0rp1
20160518 124710.145 INFO             PET0 Running with ESMF Version 6.3.0rp1
20160518 124723.429 INFO             PET0 Running with ESMF Version 6.3.0rp1
